# JRE version: Java(TM) SE Runtime Environment (8.0_60-b27) (build 1.8.0_60-b27)
# Java VM: Java HotSpot(TM) 64-Bit Server VM (25.60-b23 mixed mode windows-amd64 compressed oops)
Heap:
 PSYoungGen      total 142336K, used 62360K [0x00000000eab00000, 0x00000000f4100000, 0x0000000100000000)
  eden space 131072K, 47% used [0x00000000eab00000,0x00000000ee7e63b8,0x00000000f2b00000)
  from space 11264K, 0% used [0x00000000f3600000,0x00000000f3600000,0x00000000f4100000)
  to   space 11264K, 0% used [0x00000000f2b00000,0x00000000f2b00000,0x00000000f3600000)
 ParOldGen       total 50688K, used 16591K [0x00000000c0000000, 0x00000000c3180000, 0x00000000eab00000)
  object space 50688K, 32% used [0x00000000c0000000,0x00000000c1033d20,0x00000000c3180000)
 Metaspace       used 21466K, capacity 22106K, committed 22448K, reserved 1069056K
  class space    used 2547K, capacity 2721K, committed 2816K, reserved 1048576K
GC Heap History (10 events):
Event: 1.297 GC heap before
{Heap before GC invocations=3 (full 0):
 PSYoungGen      total 35328K, used 35321K [0x00000000eab00000, 0x00000000ed000000, 0x0000000100000000)
  eden space 32768K, 100% used [0x00000000eab00000,0x00000000ecb00000,0x00000000ecb00000)
  from space 2560K, 99% used [0x00000000ecd80000,0x00000000ecffe418,0x00000000ed000000)
  to   space 2560K, 0% used [0x00000000ecb00000,0x00000000ecb00000,0x00000000ecd80000)
 ParOldGen       total 44032K, used 647K [0x00000000c0000000, 0x00000000c2b00000, 0x00000000eab00000)
  object space 44032K, 1% used [0x00000000c0000000,0x00000000c00a1ff0,0x00000000c2b00000)
 Metaspace       used 12280K, capacity 12440K, committed 12672K, reserved 1060864K
  class space    used 1507K, capacity 1572K, committed 1664K, reserved 1048576K
Event: 1.320 GC heap after
Heap after GC invocations=3 (full 0):
 PSYoungGen      total 35328K, used 2544K [0x00000000eab00000, 0x00000000ef000000, 0x0000000100000000)
  eden space 32768K, 0% used [0x00000000eab00000,0x00000000eab00000,0x00000000ecb00000)
  from space 2560K, 99% used [0x00000000ecb00000,0x00000000ecd7c030,0x00000000ecd80000)
  to   space 2560K, 0% used [0x00000000eed80000,0x00000000eed80000,0x00000000ef000000)
 ParOldGen       total 44032K, used 5289K [0x00000000c0000000, 0x00000000c2b00000, 0x00000000eab00000)
  object space 44032K, 12% used [0x00000000c0000000,0x00000000c052a540,0x00000000c2b00000)
 Metaspace       used 12280K, capacity 12440K, committed 12672K, reserved 1060864K
  class space    used 1507K, capacity 1572K, committed 1664K, reserved 1048576K
}
Event: 1.842 GC heap before
{Heap before GC invocations=4 (full 0):
 PSYoungGen      total 35328K, used 35312K [0x00000000eab00000, 0x00000000ef000000, 0x0000000100000000)
  eden space 32768K, 100% used [0x00000000eab00000,0x00000000ecb00000,0x00000000ecb00000)
  from space 2560K, 99% used [0x00000000ecb00000,0x00000000ecd7c030,0x00000000ecd80000)
  to   space 2560K, 0% used [0x00000000eed80000,0x00000000eed80000,0x00000000ef000000)
 ParOldGen       total 44032K, used 5289K [0x00000000c0000000, 0x00000000c2b00000, 0x00000000eab00000)
  object space 44032K, 12% used [0x00000000c0000000,0x00000000c052a540,0x00000000c2b00000)
 Metaspace       used 13132K, capacity 13456K, committed 13696K, reserved 1060864K
  class space    used 1596K, capacity 1651K, committed 1664K, reserved 1048576K
Event: 1.872 GC heap after
Heap after GC invocations=4 (full 0):
 PSYoungGen      total 68096K, used 2528K [0x00000000eab00000, 0x00000000ef000000, 0x0000000100000000)
  eden space 65536K, 0% used [0x00000000eab00000,0x00000000eab00000,0x00000000eeb00000)
  from space 2560K, 98% used [0x00000000eed80000,0x00000000eeff8020,0x00000000ef000000)
  to   space 2560K, 0% used [0x00000000eeb00000,0x00000000eeb00000,0x00000000eed80000)
 ParOldGen       total 44032K, used 7568K [0x00000000c0000000, 0x00000000c2b00000, 0x00000000eab00000)
  object space 44032K, 17% used [0x00000000c0000000,0x00000000c07641c0,0x00000000c2b00000)
 Metaspace       used 13132K, capacity 13456K, committed 13696K, reserved 1060864K
  class space    used 1596K, capacity 1651K, committed 1664K, reserved 1048576K
}
Event: 3.010 GC heap before
{Heap before GC invocations=5 (full 0):
 PSYoungGen      total 68096K, used 68064K [0x00000000eab00000, 0x00000000ef000000, 0x0000000100000000)
  eden space 65536K, 100% used [0x00000000eab00000,0x00000000eeb00000,0x00000000eeb00000)
  from space 2560K, 98% used [0x00000000eed80000,0x00000000eeff8020,0x00000000ef000000)
  to   space 2560K, 0% used [0x00000000eeb00000,0x00000000eeb00000,0x00000000eed80000)
 ParOldGen       total 44032K, used 7568K [0x00000000c0000000, 0x00000000c2b00000, 0x00000000eab00000)
  object space 44032K, 17% used [0x00000000c0000000,0x00000000c07641c0,0x00000000c2b00000)
 Metaspace       used 17952K, capacity 18418K, committed 18688K, reserved 1064960K
  class space    used 2195K, capacity 2284K, committed 2304K, reserved 1048576K
Event: 3.064 GC heap after
Heap after GC invocations=5 (full 0):
 PSYoungGen      total 68096K, used 2544K [0x00000000eab00000, 0x00000000f4100000, 0x0000000100000000)
  eden space 65536K, 0% used [0x00000000eab00000,0x00000000eab00000,0x00000000eeb00000)
  from space 2560K, 99% used [0x00000000eeb00000,0x00000000eed7c010,0x00000000eed80000)
  to   space 11264K, 0% used [0x00000000f3600000,0x00000000f3600000,0x00000000f4100000)
 ParOldGen       total 44032K, used 16002K [0x00000000c0000000, 0x00000000c2b00000, 0x00000000eab00000)
  object space 44032K, 36% used [0x00000000c0000000,0x00000000c0fa0990,0x00000000c2b00000)
 Metaspace       used 17952K, capacity 18418K, committed 18688K, reserved 1064960K
  class space    used 2195K, capacity 2284K, committed 2304K, reserved 1048576K
}
Event: 4.443 GC heap before
{Heap before GC invocations=6 (full 0):
 PSYoungGen      total 68096K, used 51428K [0x00000000eab00000, 0x00000000f4100000, 0x0000000100000000)
  eden space 65536K, 74% used [0x00000000eab00000,0x00000000edabd3b8,0x00000000eeb00000)
  from space 2560K, 99% used [0x00000000eeb00000,0x00000000eed7c010,0x00000000eed80000)
  to   space 11264K, 0% used [0x00000000f3600000,0x00000000f3600000,0x00000000f4100000)
 ParOldGen       total 44032K, used 16002K [0x00000000c0000000, 0x00000000c2b00000, 0x00000000eab00000)
  object space 44032K, 36% used [0x00000000c0000000,0x00000000c0fa0990,0x00000000c2b00000)
 Metaspace       used 20517K, capacity 21154K, committed 21296K, reserved 1069056K
  class space    used 2453K, capacity 2615K, committed 2688K, reserved 1048576K
Event: 4.463 GC heap after
Heap after GC invocations=6 (full 0):
 PSYoungGen      total 142336K, used 6794K [0x00000000eab00000, 0x00000000f4100000, 0x0000000100000000)
  eden space 131072K, 0% used [0x00000000eab00000,0x00000000eab00000,0x00000000f2b00000)
  from space 11264K, 60% used [0x00000000f3600000,0x00000000f3ca29e0,0x00000000f4100000)
  to   space 11264K, 0% used [0x00000000f2b00000,0x00000000f2b00000,0x00000000f3600000)
 ParOldGen       total 44032K, used 16010K [0x00000000c0000000, 0x00000000c2b00000, 0x00000000eab00000)
  object space 44032K, 36% used [0x00000000c0000000,0x00000000c0fa2990,0x00000000c2b00000)
 Metaspace       used 20517K, capacity 21154K, committed 21296K, reserved 1069056K
  class space    used 2453K, capacity 2615K, committed 2688K, reserved 1048576K
}
Event: 4.463 GC heap before
{Heap before GC invocations=7 (full 1):
 PSYoungGen      total 142336K, used 6794K [0x00000000eab00000, 0x00000000f4100000, 0x0000000100000000)
  eden space 131072K, 0% used [0x00000000eab00000,0x00000000eab00000,0x00000000f2b00000)
  from space 11264K, 60% used [0x00000000f3600000,0x00000000f3ca29e0,0x00000000f4100000)
  to   space 11264K, 0% used [0x00000000f2b00000,0x00000000f2b00000,0x00000000f3600000)
 ParOldGen       total 44032K, used 16010K [0x00000000c0000000, 0x00000000c2b00000, 0x00000000eab00000)
  object space 44032K, 36% used [0x00000000c0000000,0x00000000c0fa2990,0x00000000c2b00000)
 Metaspace       used 20517K, capacity 21154K, committed 21296K, reserved 1069056K
  class space    used 2453K, capacity 2615K, committed 2688K, reserved 1048576K
Event: 4.625 GC heap after
Heap after GC invocations=7 (full 1):
 PSYoungGen      total 142336K, used 0K [0x00000000eab00000, 0x00000000f4100000, 0x0000000100000000)
  eden space 131072K, 0% used [0x00000000eab00000,0x00000000eab00000,0x00000000f2b00000)
  from space 11264K, 0% used [0x00000000f3600000,0x00000000f3600000,0x00000000f4100000)
  to   space 11264K, 0% used [0x00000000f2b00000,0x00000000f2b00000,0x00000000f3600000)
 ParOldGen       total 50688K, used 16591K [0x00000000c0000000, 0x00000000c3180000, 0x00000000eab00000)
  object space 50688K, 32% used [0x00000000c0000000,0x00000000c1033d20,0x00000000c3180000)
 Metaspace       used 20517K, capacity 21154K, committed 21296K, reserved 1069056K
  class space    used 2453K, capacity 2615K, committed 2688K, reserved 1048576K
}

